[{"line":2,"elements":[{"start_timestamp":"2023-04-07T02:20:09.666Z","before":[{"result":{"duration":37303592400,"status":"passed"},"match":{"location":"step_definitions.Hooks.openBrowser()"}}],"line":12,"name":"User login with valid parameter","description":"","id":"login;user-login-with-valid-parameter;;2","after":[{"result":{"duration":4078724800,"status":"passed"},"match":{"location":"step_definitions.Hooks.closeBrowser()"}}],"type":"scenario","keyword":"Scenario Outline","steps":[{"result":{"duration":3715948100,"status":"passed"},"line":6,"name":"User click button login on home page","match":{"location":"step_definitions.Auth.LoginSteps.userClickButtonLoginOnHomePage()"},"keyword":"Given "},{"result":{"duration":11980765000,"status":"passed"},"line":7,"name":"User input \"alifmuhamadhafidz23@gmail.com\" as email \"123\" as password and \"Mentor\" as role","match":{"arguments":[{"val":"\"alifmuhamadhafidz23@gmail.com\"","offset":11},{"val":"\"123\"","offset":52},{"val":"\"Mentor\"","offset":74}],"location":"step_definitions.Auth.LoginSteps.userInputAsEmailAsPasswordAndAsRole(java.lang.String,java.lang.String,java.lang.String)"},"keyword":"When "},{"result":{"duration":3135568200,"status":"passed"},"line":8,"name":"Click login button","match":{"location":"step_definitions.Auth.LoginSteps.clickLoginButton()"},"keyword":"And "},{"result":{"duration":165262900,"status":"passed"},"line":9,"name":"User already on home page again","match":{"location":"step_definitions.Auth.LoginSteps.userAlreadyOnHomePageAgain()"},"keyword":"Then "}],"tags":[{"name":"@Capstone"},{"name":"@Login"}]},{"start_timestamp":"2023-04-07T02:21:10.164Z","before":[{"result":{"duration":9424857700,"status":"passed"},"match":{"location":"step_definitions.Hooks.openBrowser()"}}],"line":13,"name":"User login with valid parameter","description":"","id":"login;user-login-with-valid-parameter;;3","after":[{"result":{"duration":4403449300,"status":"passed"},"match":{"location":"step_definitions.Hooks.closeBrowser()"}}],"type":"scenario","keyword":"Scenario Outline","steps":[{"result":{"duration":3305112000,"status":"passed"},"line":6,"name":"User click button login on home page","match":{"location":"step_definitions.Auth.LoginSteps.userClickButtonLoginOnHomePage()"},"keyword":"Given "},{"result":{"duration":4813802200,"status":"passed"},"line":7,"name":"User input \"mafa.alfa75@gmail.com\" as email \"321\" as password and \"Student\" as role","match":{"arguments":[{"val":"\"mafa.alfa75@gmail.com\"","offset":11},{"val":"\"321\"","offset":44},{"val":"\"Student\"","offset":66}],"location":"step_definitions.Auth.LoginSteps.userInputAsEmailAsPasswordAndAsRole(java.lang.String,java.lang.String,java.lang.String)"},"keyword":"When "},{"result":{"duration":4109365600,"status":"passed"},"line":8,"name":"Click login button","match":{"location":"step_definitions.Auth.LoginSteps.clickLoginButton()"},"keyword":"And "},{"result":{"duration":288691400,"status":"passed"},"line":9,"name":"User already on home page again","match":{"location":"step_definitions.Auth.LoginSteps.userAlreadyOnHomePageAgain()"},"keyword":"Then "}],"tags":[{"name":"@Capstone"},{"name":"@Login"}]},{"start_timestamp":"2023-04-07T02:21:36.562Z","before":[{"result":{"duration":4084876100,"status":"passed"},"match":{"location":"step_definitions.Hooks.openBrowser()"}}],"line":22,"name":"User login with invalid parameter","description":"","id":"login;user-login-with-invalid-parameter;;2","after":[{"result":{"duration":4027179600,"status":"passed"},"match":{"location":"step_definitions.Hooks.closeBrowser()"}}],"type":"scenario","keyword":"Scenario Outline","steps":[{"result":{"duration":3440835500,"status":"passed"},"line":16,"name":"User click button login on home page","match":{"location":"step_definitions.Auth.LoginSteps.userClickButtonLoginOnHomePage()"},"keyword":"Given "},{"result":{"duration":5199828300,"status":"passed"},"line":17,"name":"User input \"alifmuhamadhafidz23@gmail.com\" as email \"23124\" as password and \"Mentor\" as role","match":{"arguments":[{"val":"\"alifmuhamadhafidz23@gmail.com\"","offset":11},{"val":"\"23124\"","offset":52},{"val":"\"Mentor\"","offset":76}],"location":"step_definitions.Auth.LoginSteps.userInputAsEmailAsPasswordAndAsRole(java.lang.String,java.lang.String,java.lang.String)"},"keyword":"When "},{"result":{"duration":3123102100,"status":"passed"},"line":18,"name":"Click login button","match":{"location":"step_definitions.Auth.LoginSteps.clickLoginButton()"},"keyword":"And "},{"result":{"duration":143057700,"status":"passed"},"line":19,"name":"Pop up about error message login should show up","match":{"location":"step_definitions.Auth.LoginSteps.popUpAboutErrorMessageShouldShowUp()"},"keyword":"Then "}],"tags":[{"name":"@Capstone"},{"name":"@Login"}]},{"start_timestamp":"2023-04-07T02:21:56.614Z","before":[{"result":{"error_message":"org.openqa.selenium.WebDriverException: unknown error: cannot determine loading status\nfrom no such window\n  (Session info: chrome=112.0.5615.49)\nBuild info: version: '4.8.0', revision: '267030adea'\nSystem info: os.name: 'Windows 10', os.arch: 'amd64', os.version: '10.0', java.version: '15.0.2'\nDriver info: org.openqa.selenium.chrome.ChromeDriver\nCommand: [9ae611aa038d9f2c52df3d0faa0bffb5, get {url=https://musiclab-id.vercel.app/}]\nCapabilities {acceptInsecureCerts: false, browserName: chrome, browserVersion: 112.0.5615.49, chrome: {chromedriverVersion: 112.0.5615.49 (bd2a7bcb881c..., userDataDir: C:\\Users\\Alan\\AppData\\Local...}, goog:chromeOptions: {debuggerAddress: localhost:58420}, networkConnectionEnabled: false, pageLoadStrategy: normal, platformName: WINDOWS, proxy: Proxy(), se:cdp: ws://localhost:58420/devtoo..., se:cdpVersion: 112.0.5615.49, setWindowRect: true, strictFileInteractability: false, timeouts: {implicit: 0, pageLoad: 300000, script: 30000}, unhandledPromptBehavior: dismiss and notify, webauthn:extension:credBlob: true, webauthn:extension:largeBlob: true, webauthn:extension:minPinLength: true, webauthn:extension:prf: true, webauthn:virtualAuthenticators: true}\nSession ID: 9ae611aa038d9f2c52df3d0faa0bffb5\r\n\tat java.base/jdk.internal.reflect.NativeConstructorAccessorImpl.newInstance0(Native Method)\r\n\tat java.base/jdk.internal.reflect.NativeConstructorAccessorImpl.newInstance(NativeConstructorAccessorImpl.java:64)\r\n\tat java.base/jdk.internal.reflect.DelegatingConstructorAccessorImpl.newInstance(DelegatingConstructorAccessorImpl.java:45)\r\n\tat java.base/java.lang.reflect.Constructor.newInstanceWithCaller(Constructor.java:500)\r\n\tat java.base/java.lang.reflect.Constructor.newInstance(Constructor.java:481)\r\n\tat org.openqa.selenium.remote.codec.w3c.W3CHttpResponseCodec.createException(W3CHttpResponseCodec.java:200)\r\n\tat org.openqa.selenium.remote.codec.w3c.W3CHttpResponseCodec.decode(W3CHttpResponseCodec.java:133)\r\n\tat org.openqa.selenium.remote.codec.w3c.W3CHttpResponseCodec.decode(W3CHttpResponseCodec.java:53)\r\n\tat org.openqa.selenium.remote.HttpCommandExecutor.execute(HttpCommandExecutor.java:184)\r\n\tat org.openqa.selenium.remote.service.DriverCommandExecutor.invokeExecute(DriverCommandExecutor.java:167)\r\n\tat org.openqa.selenium.remote.service.DriverCommandExecutor.execute(DriverCommandExecutor.java:142)\r\n\tat org.openqa.selenium.remote.RemoteWebDriver.execute(RemoteWebDriver.java:543)\r\n\tat org.openqa.selenium.remote.RemoteWebDriver.get(RemoteWebDriver.java:297)\r\n\tat step_definitions.Hooks.openBrowser(Hooks.java:21)\r\n","duration":2705051600,"status":"failed"},"match":{"location":"step_definitions.Hooks.openBrowser()"}}],"line":23,"name":"User login with invalid parameter","description":"","id":"login;user-login-with-invalid-parameter;;3","after":[{"result":{"duration":3819522000,"status":"passed"},"match":{"location":"step_definitions.Hooks.closeBrowser()"}}],"type":"scenario","keyword":"Scenario Outline","steps":[{"result":{"duration":998400,"status":"skipped"},"line":16,"name":"User click button login on home page","match":{"location":"step_definitions.Auth.LoginSteps.userClickButtonLoginOnHomePage()"},"keyword":"Given "},{"result":{"duration":999300,"status":"skipped"},"line":17,"name":"User input \"dfvwefqwffw123@gmail.com\" as email \"321\" as password and \"Student\" as role","match":{"arguments":[{"val":"\"dfvwefqwffw123@gmail.com\"","offset":11},{"val":"\"321\"","offset":47},{"val":"\"Student\"","offset":69}],"location":"step_definitions.Auth.LoginSteps.userInputAsEmailAsPasswordAndAsRole(java.lang.String,java.lang.String,java.lang.String)"},"keyword":"When "},{"result":{"status":"skipped"},"line":18,"name":"Click login button","match":{"location":"step_definitions.Auth.LoginSteps.clickLoginButton()"},"keyword":"And "},{"result":{"status":"skipped"},"line":19,"name":"Pop up about error message login should show up","match":{"location":"step_definitions.Auth.LoginSteps.popUpAboutErrorMessageShouldShowUp()"},"keyword":"Then "}],"tags":[{"name":"@Capstone"},{"name":"@Login"}]},{"start_timestamp":"2023-04-07T02:22:03.214Z","before":[{"result":{"duration":6683047900,"status":"passed"},"match":{"location":"step_definitions.Hooks.openBrowser()"}}],"line":32,"name":"User login with blank parameter","description":"","id":"login;user-login-with-blank-parameter;;2","after":[{"result":{"duration":4470000400,"status":"passed"},"match":{"location":"step_definitions.Hooks.closeBrowser()"}}],"type":"scenario","keyword":"Scenario Outline","steps":[{"result":{"duration":3374496500,"status":"passed"},"line":26,"name":"User click button login on home page","match":{"location":"step_definitions.Auth.LoginSteps.userClickButtonLoginOnHomePage()"},"keyword":"Given "},{"result":{"duration":4889580100,"status":"passed"},"line":27,"name":"User input \"\" as email \"23124\" as password and \"Mentor\" as role","match":{"arguments":[{"val":"\"\"","offset":11},{"val":"\"23124\"","offset":23},{"val":"\"Mentor\"","offset":47}],"location":"step_definitions.Auth.LoginSteps.userInputAsEmailAsPasswordAndAsRole(java.lang.String,java.lang.String,java.lang.String)"},"keyword":"When "},{"result":{"duration":3078906400,"status":"passed"},"line":28,"name":"Click login button","match":{"location":"step_definitions.Auth.LoginSteps.clickLoginButton()"},"keyword":"And "},{"result":{"duration":71501500,"status":"passed"},"line":29,"name":"Button login should disabled","match":{"location":"step_definitions.Auth.LoginSteps.buttonLoginShouldDisabled()"},"keyword":"Then "}],"tags":[{"name":"@Capstone"},{"name":"@Login"}]},{"start_timestamp":"2023-04-07T02:22:25.821Z","before":[{"result":{"duration":4370923600,"status":"passed"},"match":{"location":"step_definitions.Hooks.openBrowser()"}}],"line":33,"name":"User login with blank parameter","description":"","id":"login;user-login-with-blank-parameter;;3","after":[{"result":{"duration":4285053700,"status":"passed"},"match":{"location":"step_definitions.Hooks.closeBrowser()"}}],"type":"scenario","keyword":"Scenario Outline","steps":[{"result":{"duration":4543201000,"status":"passed"},"line":26,"name":"User click button login on home page","match":{"location":"step_definitions.Auth.LoginSteps.userClickButtonLoginOnHomePage()"},"keyword":"Given "},{"result":{"duration":775797100,"status":"passed"},"line":27,"name":"User input \"dfvwefqwffw123@gmail.com\" as email \"\" as password and \"Student\" as role","match":{"arguments":[{"val":"\"dfvwefqwffw123@gmail.com\"","offset":11},{"val":"\"\"","offset":47},{"val":"\"Student\"","offset":66}],"location":"step_definitions.Auth.LoginSteps.userInputAsEmailAsPasswordAndAsRole(java.lang.String,java.lang.String,java.lang.String)"},"keyword":"When "},{"result":{"duration":3072458200,"status":"passed"},"line":28,"name":"Click login button","match":{"location":"step_definitions.Auth.LoginSteps.clickLoginButton()"},"keyword":"And "},{"result":{"duration":30984400,"status":"passed"},"line":29,"name":"Button login should disabled","match":{"location":"step_definitions.Auth.LoginSteps.buttonLoginShouldDisabled()"},"keyword":"Then "}],"tags":[{"name":"@Capstone"},{"name":"@Login"}]}],"name":"Login","description":"    This test case is everything about login mentor and student","id":"login","keyword":"Feature","uri":"classpath:features//Auth/Login.feature","tags":[{"name":"@Capstone","type":"Tag","location":{"line":1,"column":1}},{"name":"@Login","type":"Tag","location":{"line":1,"column":11}}]},{"line":2,"elements":[{"start_timestamp":"2023-04-07T02:22:42.923Z","before":[{"result":{"duration":3831468400,"status":"passed"},"match":{"location":"step_definitions.Hooks.openBrowser()"}}],"line":13,"name":"Registration with valid data","description":"","id":"registration;registration-with-valid-data;;2","after":[{"result":{"duration":4277126100,"status":"passed"},"match":{"location":"step_definitions.Hooks.closeBrowser()"}}],"type":"scenario","keyword":"Scenario Outline","steps":[{"result":{"duration":3400325900,"status":"passed"},"line":6,"name":"User click button login on home page","match":{"location":"step_definitions.Auth.LoginSteps.userClickButtonLoginOnHomePage()"},"keyword":"Given "},{"result":{"duration":678454500,"status":"passed"},"line":7,"name":"Click register on login page","match":{"location":"step_definitions.Auth.RegisterSteps.clickRegisterOnLoginPage()"},"keyword":"And "},{"result":{"duration":669550400,"status":"passed"},"line":8,"name":"User input \"Alexander Paijo\" as nama lengkap \"Mentor\" as role \"alexpaijo92@gmail.com\" as email and \"123\" as password","match":{"arguments":[{"val":"\"Alexander Paijo\"","offset":11},{"val":"\"Mentor\"","offset":45},{"val":"\"alexpaijo92@gmail.com\"","offset":62},{"val":"\"123\"","offset":99}],"location":"step_definitions.Auth.RegisterSteps.userInputAsNamaLengkapAsRoleAsEmailAndAsPassword(java.lang.String,java.lang.String,java.lang.String,java.lang.String)"},"keyword":"When "},{"result":{"duration":3070243400,"status":"passed"},"line":9,"name":"Click register button","match":{"location":"step_definitions.Auth.RegisterSteps.clickRegisterButton()"},"keyword":"And "},{"result":{"error_message":"org.openqa.selenium.NoSuchElementException: no such element: Unable to locate element: {\"method\":\"xpath\",\"selector\":\"//button[@class='swal2-confirm swal2-styled swal2-default-outline']\"}\n  (Session info: chrome=112.0.5615.49)\nFor documentation on this error, please visit: https://selenium.dev/exceptions/#no_such_element\nBuild info: version: '4.8.0', revision: '267030adea'\nSystem info: os.name: 'Windows 10', os.arch: 'amd64', os.version: '10.0', java.version: '15.0.2'\nDriver info: org.openqa.selenium.chrome.ChromeDriver\nCommand: [01026cbfc765acc7a93b32a59f6f8898, findElement {using=xpath, value=//button[@class='swal2-confirm swal2-styled swal2-default-outline']}]\nCapabilities {acceptInsecureCerts: false, browserName: chrome, browserVersion: 112.0.5615.49, chrome: {chromedriverVersion: 112.0.5615.49 (bd2a7bcb881c..., userDataDir: C:\\Users\\Alan\\AppData\\Local...}, goog:chromeOptions: {debuggerAddress: localhost:58471}, networkConnectionEnabled: false, pageLoadStrategy: normal, platformName: WINDOWS, proxy: Proxy(), se:cdp: ws://localhost:58471/devtoo..., se:cdpVersion: 112.0.5615.49, setWindowRect: true, strictFileInteractability: false, timeouts: {implicit: 0, pageLoad: 300000, script: 30000}, unhandledPromptBehavior: dismiss and notify, webauthn:extension:credBlob: true, webauthn:extension:largeBlob: true, webauthn:extension:minPinLength: true, webauthn:extension:prf: true, webauthn:virtualAuthenticators: true}\nSession ID: 01026cbfc765acc7a93b32a59f6f8898\r\n\tat java.base/jdk.internal.reflect.NativeConstructorAccessorImpl.newInstance0(Native Method)\r\n\tat java.base/jdk.internal.reflect.NativeConstructorAccessorImpl.newInstance(NativeConstructorAccessorImpl.java:64)\r\n\tat java.base/jdk.internal.reflect.DelegatingConstructorAccessorImpl.newInstance(DelegatingConstructorAccessorImpl.java:45)\r\n\tat java.base/java.lang.reflect.Constructor.newInstanceWithCaller(Constructor.java:500)\r\n\tat java.base/java.lang.reflect.Constructor.newInstance(Constructor.java:481)\r\n\tat org.openqa.selenium.remote.codec.w3c.W3CHttpResponseCodec.createException(W3CHttpResponseCodec.java:200)\r\n\tat org.openqa.selenium.remote.codec.w3c.W3CHttpResponseCodec.decode(W3CHttpResponseCodec.java:133)\r\n\tat org.openqa.selenium.remote.codec.w3c.W3CHttpResponseCodec.decode(W3CHttpResponseCodec.java:53)\r\n\tat org.openqa.selenium.remote.HttpCommandExecutor.execute(HttpCommandExecutor.java:184)\r\n\tat org.openqa.selenium.remote.service.DriverCommandExecutor.invokeExecute(DriverCommandExecutor.java:167)\r\n\tat org.openqa.selenium.remote.service.DriverCommandExecutor.execute(DriverCommandExecutor.java:142)\r\n\tat org.openqa.selenium.remote.RemoteWebDriver.execute(RemoteWebDriver.java:543)\r\n\tat org.openqa.selenium.remote.ElementLocation$ElementFinder$2.findElement(ElementLocation.java:162)\r\n\tat org.openqa.selenium.remote.ElementLocation.findElement(ElementLocation.java:60)\r\n\tat org.openqa.selenium.remote.RemoteWebDriver.findElement(RemoteWebDriver.java:352)\r\n\tat org.openqa.selenium.remote.RemoteWebDriver.findElement(RemoteWebDriver.java:344)\r\n\tat org.openqa.selenium.support.pagefactory.DefaultElementLocator.findElement(DefaultElementLocator.java:70)\r\n\tat org.openqa.selenium.support.pagefactory.internal.LocatingElementHandler.invoke(LocatingElementHandler.java:39)\r\n\tat com.sun.proxy.$Proxy24.isDisplayed(Unknown Source)\r\n\tat locator.Register.setLogin(Register.java:81)\r\n\tat step_definitions.Auth.RegisterSteps.userAlreadyOnLoginPage(RegisterSteps.java:43)\r\n\tat ✽.User already on login page(classpath:features//Auth/Registrasi.feature:10)\r\n","duration":53965600,"status":"failed"},"line":10,"name":"User already on login page","match":{"location":"step_definitions.Auth.RegisterSteps.userAlreadyOnLoginPage()"},"keyword":"Then "}],"tags":[{"name":"@Capstone"},{"name":"@Registration"}]},{"start_timestamp":"2023-04-07T02:22:58.946Z","before":[{"result":{"duration":3701794600,"status":"passed"},"match":{"location":"step_definitions.Hooks.openBrowser()"}}],"line":14,"name":"Registration with valid data","description":"","id":"registration;registration-with-valid-data;;3","after":[{"result":{"duration":4349401600,"status":"passed"},"match":{"location":"step_definitions.Hooks.closeBrowser()"}}],"type":"scenario","keyword":"Scenario Outline","steps":[{"result":{"duration":3198037400,"status":"passed"},"line":6,"name":"User click button login on home page","match":{"location":"step_definitions.Auth.LoginSteps.userClickButtonLoginOnHomePage()"},"keyword":"Given "},{"result":{"duration":1295202000,"status":"passed"},"line":7,"name":"Click register on login page","match":{"location":"step_definitions.Auth.RegisterSteps.clickRegisterOnLoginPage()"},"keyword":"And "},{"result":{"duration":1002381400,"status":"passed"},"line":8,"name":"User input \"Emilia Lisander\" as nama lengkap \"Student\" as role \"lisanderemilia28@gmail.com\" as email and \"321\" as password","match":{"arguments":[{"val":"\"Emilia Lisander\"","offset":11},{"val":"\"Student\"","offset":45},{"val":"\"lisanderemilia28@gmail.com\"","offset":63},{"val":"\"321\"","offset":105}],"location":"step_definitions.Auth.RegisterSteps.userInputAsNamaLengkapAsRoleAsEmailAndAsPassword(java.lang.String,java.lang.String,java.lang.String,java.lang.String)"},"keyword":"When "},{"result":{"duration":3072078100,"status":"passed"},"line":9,"name":"Click register button","match":{"location":"step_definitions.Auth.RegisterSteps.clickRegisterButton()"},"keyword":"And "},{"result":{"error_message":"org.openqa.selenium.NoSuchElementException: no such element: Unable to locate element: {\"method\":\"xpath\",\"selector\":\"//button[@class='swal2-confirm swal2-styled swal2-default-outline']\"}\n  (Session info: chrome=112.0.5615.49)\nFor documentation on this error, please visit: https://selenium.dev/exceptions/#no_such_element\nBuild info: version: '4.8.0', revision: '267030adea'\nSystem info: os.name: 'Windows 10', os.arch: 'amd64', os.version: '10.0', java.version: '15.0.2'\nDriver info: org.openqa.selenium.chrome.ChromeDriver\nCommand: [09ce154141835ac1e11a14762f7a791f, findElement {using=xpath, value=//button[@class='swal2-confirm swal2-styled swal2-default-outline']}]\nCapabilities {acceptInsecureCerts: false, browserName: chrome, browserVersion: 112.0.5615.49, chrome: {chromedriverVersion: 112.0.5615.49 (bd2a7bcb881c..., userDataDir: C:\\Users\\Alan\\AppData\\Local...}, goog:chromeOptions: {debuggerAddress: localhost:58490}, networkConnectionEnabled: false, pageLoadStrategy: normal, platformName: WINDOWS, proxy: Proxy(), se:cdp: ws://localhost:58490/devtoo..., se:cdpVersion: 112.0.5615.49, setWindowRect: true, strictFileInteractability: false, timeouts: {implicit: 0, pageLoad: 300000, script: 30000}, unhandledPromptBehavior: dismiss and notify, webauthn:extension:credBlob: true, webauthn:extension:largeBlob: true, webauthn:extension:minPinLength: true, webauthn:extension:prf: true, webauthn:virtualAuthenticators: true}\nSession ID: 09ce154141835ac1e11a14762f7a791f\r\n\tat java.base/jdk.internal.reflect.NativeConstructorAccessorImpl.newInstance0(Native Method)\r\n\tat java.base/jdk.internal.reflect.NativeConstructorAccessorImpl.newInstance(NativeConstructorAccessorImpl.java:64)\r\n\tat java.base/jdk.internal.reflect.DelegatingConstructorAccessorImpl.newInstance(DelegatingConstructorAccessorImpl.java:45)\r\n\tat java.base/java.lang.reflect.Constructor.newInstanceWithCaller(Constructor.java:500)\r\n\tat java.base/java.lang.reflect.Constructor.newInstance(Constructor.java:481)\r\n\tat org.openqa.selenium.remote.codec.w3c.W3CHttpResponseCodec.createException(W3CHttpResponseCodec.java:200)\r\n\tat org.openqa.selenium.remote.codec.w3c.W3CHttpResponseCodec.decode(W3CHttpResponseCodec.java:133)\r\n\tat org.openqa.selenium.remote.codec.w3c.W3CHttpResponseCodec.decode(W3CHttpResponseCodec.java:53)\r\n\tat org.openqa.selenium.remote.HttpCommandExecutor.execute(HttpCommandExecutor.java:184)\r\n\tat org.openqa.selenium.remote.service.DriverCommandExecutor.invokeExecute(DriverCommandExecutor.java:167)\r\n\tat org.openqa.selenium.remote.service.DriverCommandExecutor.execute(DriverCommandExecutor.java:142)\r\n\tat org.openqa.selenium.remote.RemoteWebDriver.execute(RemoteWebDriver.java:543)\r\n\tat org.openqa.selenium.remote.ElementLocation$ElementFinder$2.findElement(ElementLocation.java:162)\r\n\tat org.openqa.selenium.remote.ElementLocation.findElement(ElementLocation.java:60)\r\n\tat org.openqa.selenium.remote.RemoteWebDriver.findElement(RemoteWebDriver.java:352)\r\n\tat org.openqa.selenium.remote.RemoteWebDriver.findElement(RemoteWebDriver.java:344)\r\n\tat org.openqa.selenium.support.pagefactory.DefaultElementLocator.findElement(DefaultElementLocator.java:70)\r\n\tat org.openqa.selenium.support.pagefactory.internal.LocatingElementHandler.invoke(LocatingElementHandler.java:39)\r\n\tat com.sun.proxy.$Proxy24.isDisplayed(Unknown Source)\r\n\tat locator.Register.setLogin(Register.java:81)\r\n\tat step_definitions.Auth.RegisterSteps.userAlreadyOnLoginPage(RegisterSteps.java:43)\r\n\tat ✽.User already on login page(classpath:features//Auth/Registrasi.feature:10)\r\n","duration":33978100,"status":"failed"},"line":10,"name":"User already on login page","match":{"location":"step_definitions.Auth.RegisterSteps.userAlreadyOnLoginPage()"},"keyword":"Then "}],"tags":[{"name":"@Capstone"},{"name":"@Registration"}]},{"start_timestamp":"2023-04-07T02:23:15.625Z","before":[{"result":{"duration":3976071600,"status":"passed"},"match":{"location":"step_definitions.Hooks.openBrowser()"}}],"line":24,"name":"Registration with existing parameter","description":"","id":"registration;registration-with-existing-parameter;;2","after":[{"result":{"duration":4265875700,"status":"passed"},"match":{"location":"step_definitions.Hooks.closeBrowser()"}}],"type":"scenario","keyword":"Scenario Outline","steps":[{"result":{"duration":3228013700,"status":"passed"},"line":17,"name":"User click button login on home page","match":{"location":"step_definitions.Auth.LoginSteps.userClickButtonLoginOnHomePage()"},"keyword":"Given "},{"result":{"duration":1363162200,"status":"passed"},"line":18,"name":"Click register on login page","match":{"location":"step_definitions.Auth.RegisterSteps.clickRegisterOnLoginPage()"},"keyword":"And "},{"result":{"duration":589637800,"status":"passed"},"line":19,"name":"User input \"Alexander Paijo\" as nama lengkap \"Mentor\" as role \"alexpaijo92@gmail.com\" as email and \"123\" as password","match":{"arguments":[{"val":"\"Alexander Paijo\"","offset":11},{"val":"\"Mentor\"","offset":45},{"val":"\"alexpaijo92@gmail.com\"","offset":62},{"val":"\"123\"","offset":99}],"location":"step_definitions.Auth.RegisterSteps.userInputAsNamaLengkapAsRoleAsEmailAndAsPassword(java.lang.String,java.lang.String,java.lang.String,java.lang.String)"},"keyword":"When "},{"result":{"duration":3064920800,"status":"passed"},"line":20,"name":"Click register button","match":{"location":"step_definitions.Auth.RegisterSteps.clickRegisterButton()"},"keyword":"And "},{"result":{"error_message":"org.openqa.selenium.NoSuchElementException: no such element: Unable to locate element: {\"method\":\"xpath\",\"selector\":\"//button[@class='swal2-confirm swal2-styled swal2-default-outline']\"}\n  (Session info: chrome=112.0.5615.49)\nFor documentation on this error, please visit: https://selenium.dev/exceptions/#no_such_element\nBuild info: version: '4.8.0', revision: '267030adea'\nSystem info: os.name: 'Windows 10', os.arch: 'amd64', os.version: '10.0', java.version: '15.0.2'\nDriver info: org.openqa.selenium.chrome.ChromeDriver\nCommand: [f26afb63d00fd897a1a43493c21fcb3d, findElement {using=xpath, value=//button[@class='swal2-confirm swal2-styled swal2-default-outline']}]\nCapabilities {acceptInsecureCerts: false, browserName: chrome, browserVersion: 112.0.5615.49, chrome: {chromedriverVersion: 112.0.5615.49 (bd2a7bcb881c..., userDataDir: C:\\Users\\Alan\\AppData\\Local...}, goog:chromeOptions: {debuggerAddress: localhost:58509}, networkConnectionEnabled: false, pageLoadStrategy: normal, platformName: WINDOWS, proxy: Proxy(), se:cdp: ws://localhost:58509/devtoo..., se:cdpVersion: 112.0.5615.49, setWindowRect: true, strictFileInteractability: false, timeouts: {implicit: 0, pageLoad: 300000, script: 30000}, unhandledPromptBehavior: dismiss and notify, webauthn:extension:credBlob: true, webauthn:extension:largeBlob: true, webauthn:extension:minPinLength: true, webauthn:extension:prf: true, webauthn:virtualAuthenticators: true}\nSession ID: f26afb63d00fd897a1a43493c21fcb3d\r\n\tat java.base/jdk.internal.reflect.NativeConstructorAccessorImpl.newInstance0(Native Method)\r\n\tat java.base/jdk.internal.reflect.NativeConstructorAccessorImpl.newInstance(NativeConstructorAccessorImpl.java:64)\r\n\tat java.base/jdk.internal.reflect.DelegatingConstructorAccessorImpl.newInstance(DelegatingConstructorAccessorImpl.java:45)\r\n\tat java.base/java.lang.reflect.Constructor.newInstanceWithCaller(Constructor.java:500)\r\n\tat java.base/java.lang.reflect.Constructor.newInstance(Constructor.java:481)\r\n\tat org.openqa.selenium.remote.codec.w3c.W3CHttpResponseCodec.createException(W3CHttpResponseCodec.java:200)\r\n\tat org.openqa.selenium.remote.codec.w3c.W3CHttpResponseCodec.decode(W3CHttpResponseCodec.java:133)\r\n\tat org.openqa.selenium.remote.codec.w3c.W3CHttpResponseCodec.decode(W3CHttpResponseCodec.java:53)\r\n\tat org.openqa.selenium.remote.HttpCommandExecutor.execute(HttpCommandExecutor.java:184)\r\n\tat org.openqa.selenium.remote.service.DriverCommandExecutor.invokeExecute(DriverCommandExecutor.java:167)\r\n\tat org.openqa.selenium.remote.service.DriverCommandExecutor.execute(DriverCommandExecutor.java:142)\r\n\tat org.openqa.selenium.remote.RemoteWebDriver.execute(RemoteWebDriver.java:543)\r\n\tat org.openqa.selenium.remote.ElementLocation$ElementFinder$2.findElement(ElementLocation.java:162)\r\n\tat org.openqa.selenium.remote.ElementLocation.findElement(ElementLocation.java:60)\r\n\tat org.openqa.selenium.remote.RemoteWebDriver.findElement(RemoteWebDriver.java:352)\r\n\tat org.openqa.selenium.remote.RemoteWebDriver.findElement(RemoteWebDriver.java:344)\r\n\tat org.openqa.selenium.support.pagefactory.DefaultElementLocator.findElement(DefaultElementLocator.java:70)\r\n\tat org.openqa.selenium.support.pagefactory.internal.LocatingElementHandler.invoke(LocatingElementHandler.java:39)\r\n\tat com.sun.proxy.$Proxy24.isEnabled(Unknown Source)\r\n\tat locator.Register.setError2(Register.java:76)\r\n\tat step_definitions.Auth.RegisterSteps.popUpAboutErrorMessageRegistrationShouldShowUp(RegisterSteps.java:51)\r\n\tat ✽.Pop up about error message registration should show up(classpath:features//Auth/Registrasi.feature:21)\r\n","duration":57960000,"status":"failed"},"line":21,"name":"Pop up about error message registration should show up","match":{"location":"step_definitions.Auth.RegisterSteps.popUpAboutErrorMessageRegistrationShouldShowUp()"},"keyword":"Then "}],"tags":[{"name":"@Capstone"},{"name":"@Registration"}]},{"start_timestamp":"2023-04-07T02:23:32.196Z","before":[{"result":{"duration":3428934900,"status":"passed"},"match":{"location":"step_definitions.Hooks.openBrowser()"}}],"line":25,"name":"Registration with existing parameter","description":"","id":"registration;registration-with-existing-parameter;;3","after":[{"result":{"duration":4329055000,"status":"passed"},"match":{"location":"step_definitions.Hooks.closeBrowser()"}}],"type":"scenario","keyword":"Scenario Outline","steps":[{"result":{"duration":3202348000,"status":"passed"},"line":17,"name":"User click button login on home page","match":{"location":"step_definitions.Auth.LoginSteps.userClickButtonLoginOnHomePage()"},"keyword":"Given "},{"result":{"duration":1519064400,"status":"passed"},"line":18,"name":"Click register on login page","match":{"location":"step_definitions.Auth.RegisterSteps.clickRegisterOnLoginPage()"},"keyword":"And "},{"result":{"duration":808497800,"status":"passed"},"line":19,"name":"User input \"Emilia Lisander\" as nama lengkap \"Student\" as role \"lisanderemilia28@gmail.com\" as email and \"321\" as password","match":{"arguments":[{"val":"\"Emilia Lisander\"","offset":11},{"val":"\"Student\"","offset":45},{"val":"\"lisanderemilia28@gmail.com\"","offset":63},{"val":"\"321\"","offset":105}],"location":"step_definitions.Auth.RegisterSteps.userInputAsNamaLengkapAsRoleAsEmailAndAsPassword(java.lang.String,java.lang.String,java.lang.String,java.lang.String)"},"keyword":"When "},{"result":{"duration":3072163800,"status":"passed"},"line":20,"name":"Click register button","match":{"location":"step_definitions.Auth.RegisterSteps.clickRegisterButton()"},"keyword":"And "},{"result":{"error_message":"org.openqa.selenium.NoSuchElementException: no such element: Unable to locate element: {\"method\":\"xpath\",\"selector\":\"//button[@class='swal2-confirm swal2-styled swal2-default-outline']\"}\n  (Session info: chrome=112.0.5615.49)\nFor documentation on this error, please visit: https://selenium.dev/exceptions/#no_such_element\nBuild info: version: '4.8.0', revision: '267030adea'\nSystem info: os.name: 'Windows 10', os.arch: 'amd64', os.version: '10.0', java.version: '15.0.2'\nDriver info: org.openqa.selenium.chrome.ChromeDriver\nCommand: [8a73de362ff5909d88fae764df448a15, findElement {using=xpath, value=//button[@class='swal2-confirm swal2-styled swal2-default-outline']}]\nCapabilities {acceptInsecureCerts: false, browserName: chrome, browserVersion: 112.0.5615.49, chrome: {chromedriverVersion: 112.0.5615.49 (bd2a7bcb881c..., userDataDir: C:\\Users\\Alan\\AppData\\Local...}, goog:chromeOptions: {debuggerAddress: localhost:58526}, networkConnectionEnabled: false, pageLoadStrategy: normal, platformName: WINDOWS, proxy: Proxy(), se:cdp: ws://localhost:58526/devtoo..., se:cdpVersion: 112.0.5615.49, setWindowRect: true, strictFileInteractability: false, timeouts: {implicit: 0, pageLoad: 300000, script: 30000}, unhandledPromptBehavior: dismiss and notify, webauthn:extension:credBlob: true, webauthn:extension:largeBlob: true, webauthn:extension:minPinLength: true, webauthn:extension:prf: true, webauthn:virtualAuthenticators: true}\nSession ID: 8a73de362ff5909d88fae764df448a15\r\n\tat java.base/jdk.internal.reflect.NativeConstructorAccessorImpl.newInstance0(Native Method)\r\n\tat java.base/jdk.internal.reflect.NativeConstructorAccessorImpl.newInstance(NativeConstructorAccessorImpl.java:64)\r\n\tat java.base/jdk.internal.reflect.DelegatingConstructorAccessorImpl.newInstance(DelegatingConstructorAccessorImpl.java:45)\r\n\tat java.base/java.lang.reflect.Constructor.newInstanceWithCaller(Constructor.java:500)\r\n\tat java.base/java.lang.reflect.Constructor.newInstance(Constructor.java:481)\r\n\tat org.openqa.selenium.remote.codec.w3c.W3CHttpResponseCodec.createException(W3CHttpResponseCodec.java:200)\r\n\tat org.openqa.selenium.remote.codec.w3c.W3CHttpResponseCodec.decode(W3CHttpResponseCodec.java:133)\r\n\tat org.openqa.selenium.remote.codec.w3c.W3CHttpResponseCodec.decode(W3CHttpResponseCodec.java:53)\r\n\tat org.openqa.selenium.remote.HttpCommandExecutor.execute(HttpCommandExecutor.java:184)\r\n\tat org.openqa.selenium.remote.service.DriverCommandExecutor.invokeExecute(DriverCommandExecutor.java:167)\r\n\tat org.openqa.selenium.remote.service.DriverCommandExecutor.execute(DriverCommandExecutor.java:142)\r\n\tat org.openqa.selenium.remote.RemoteWebDriver.execute(RemoteWebDriver.java:543)\r\n\tat org.openqa.selenium.remote.ElementLocation$ElementFinder$2.findElement(ElementLocation.java:162)\r\n\tat org.openqa.selenium.remote.ElementLocation.findElement(ElementLocation.java:60)\r\n\tat org.openqa.selenium.remote.RemoteWebDriver.findElement(RemoteWebDriver.java:352)\r\n\tat org.openqa.selenium.remote.RemoteWebDriver.findElement(RemoteWebDriver.java:344)\r\n\tat org.openqa.selenium.support.pagefactory.DefaultElementLocator.findElement(DefaultElementLocator.java:70)\r\n\tat org.openqa.selenium.support.pagefactory.internal.LocatingElementHandler.invoke(LocatingElementHandler.java:39)\r\n\tat com.sun.proxy.$Proxy24.isEnabled(Unknown Source)\r\n\tat locator.Register.setError2(Register.java:76)\r\n\tat step_definitions.Auth.RegisterSteps.popUpAboutErrorMessageRegistrationShouldShowUp(RegisterSteps.java:51)\r\n\tat ✽.Pop up about error message registration should show up(classpath:features//Auth/Registrasi.feature:21)\r\n","duration":20989900,"status":"failed"},"line":21,"name":"Pop up about error message registration should show up","match":{"location":"step_definitions.Auth.RegisterSteps.popUpAboutErrorMessageRegistrationShouldShowUp()"},"keyword":"Then "}],"tags":[{"name":"@Capstone"},{"name":"@Registration"}]},{"start_timestamp":"2023-04-07T02:23:48.595Z","before":[{"result":{"duration":3934620300,"status":"passed"},"match":{"location":"step_definitions.Hooks.openBrowser()"}}],"line":35,"name":"Registration with blank data parameter","description":"","id":"registration;registration-with-blank-data-parameter;;2","after":[{"result":{"duration":4469672100,"status":"passed"},"match":{"location":"step_definitions.Hooks.closeBrowser()"}}],"type":"scenario","keyword":"Scenario Outline","steps":[{"result":{"duration":3413366800,"status":"passed"},"line":28,"name":"User click button login on home page","match":{"location":"step_definitions.Auth.LoginSteps.userClickButtonLoginOnHomePage()"},"keyword":"Given "},{"result":{"duration":1842052000,"status":"passed"},"line":29,"name":"Click register on login page","match":{"location":"step_definitions.Auth.RegisterSteps.clickRegisterOnLoginPage()"},"keyword":"And "},{"result":{"duration":529673300,"status":"passed"},"line":30,"name":"User input \"\" as nama lengkap \"Mentor\" as role \"paijosynder99@gmail.com\" as email and \"123\" as password","match":{"arguments":[{"val":"\"\"","offset":11},{"val":"\"Mentor\"","offset":30},{"val":"\"paijosynder99@gmail.com\"","offset":47},{"val":"\"123\"","offset":86}],"location":"step_definitions.Auth.RegisterSteps.userInputAsNamaLengkapAsRoleAsEmailAndAsPassword(java.lang.String,java.lang.String,java.lang.String,java.lang.String)"},"keyword":"When "},{"result":{"duration":3070634400,"status":"passed"},"line":31,"name":"Click register button","match":{"location":"step_definitions.Auth.RegisterSteps.clickRegisterButton()"},"keyword":"And "},{"result":{"duration":54957300,"status":"passed"},"line":32,"name":"Button registration should disabled","match":{"location":"step_definitions.Auth.RegisterSteps.buttonRegistrationShouldDisabled()"},"keyword":"Then "}],"tags":[{"name":"@Capstone"},{"name":"@Registration"}]},{"start_timestamp":"2023-04-07T02:24:05.925Z","before":[{"result":{"duration":3944858800,"status":"passed"},"match":{"location":"step_definitions.Hooks.openBrowser()"}}],"line":36,"name":"Registration with blank data parameter","description":"","id":"registration;registration-with-blank-data-parameter;;3","after":[{"result":{"duration":4341653900,"status":"passed"},"match":{"location":"step_definitions.Hooks.closeBrowser()"}}],"type":"scenario","keyword":"Scenario Outline","steps":[{"result":{"duration":3199356500,"status":"passed"},"line":28,"name":"User click button login on home page","match":{"location":"step_definitions.Auth.LoginSteps.userClickButtonLoginOnHomePage()"},"keyword":"Given "},{"result":{"duration":1566625600,"status":"passed"},"line":29,"name":"Click register on login page","match":{"location":"step_definitions.Auth.RegisterSteps.clickRegisterOnLoginPage()"},"keyword":"And "},{"result":{"duration":752079500,"status":"passed"},"line":30,"name":"User input \"Emilia Clark\" as nama lengkap \"Student\" as role \"\" as email and \"321\" as password","match":{"arguments":[{"val":"\"Emilia Clark\"","offset":11},{"val":"\"Student\"","offset":42},{"val":"\"\"","offset":60},{"val":"\"321\"","offset":76}],"location":"step_definitions.Auth.RegisterSteps.userInputAsNamaLengkapAsRoleAsEmailAndAsPassword(java.lang.String,java.lang.String,java.lang.String,java.lang.String)"},"keyword":"When "},{"result":{"duration":3118901600,"status":"passed"},"line":31,"name":"Click register button","match":{"location":"step_definitions.Auth.RegisterSteps.clickRegisterButton()"},"keyword":"And "},{"result":{"duration":24985800,"status":"passed"},"line":32,"name":"Button registration should disabled","match":{"location":"step_definitions.Auth.RegisterSteps.buttonRegistrationShouldDisabled()"},"keyword":"Then "}],"tags":[{"name":"@Capstone"},{"name":"@Registration"}]}],"name":"Registration","description":"    This test case is everything about registration mentor and student","id":"registration","keyword":"Feature","uri":"classpath:features//Auth/Registrasi.feature","tags":[{"name":"@Capstone","type":"Tag","location":{"line":1,"column":1}},{"name":"@Registration","type":"Tag","location":{"line":1,"column":11}}]},{"line":2,"elements":[{"start_timestamp":"2023-04-07T02:24:22.897Z","before":[{"result":{"duration":3409449100,"status":"passed"},"match":{"location":"step_definitions.Hooks.openBrowser()"}}],"line":4,"name":"upload kursus with parameter","description":"","id":"class;upload-kursus-with-parameter","after":[{"result":{"duration":3804939700,"status":"passed"},"match":{"location":"step_definitions.Hooks.closeBrowser()"}}],"type":"scenario","keyword":"Scenario","steps":[{"result":{"error_message":"io.cucumber.core.exception.CucumberException: class step_definitions.Class.UploadSteps does not have a public zero-argument constructor.\n\nTo use dependency injection add an other ObjectFactory implementation such as:\n * cucumber-picocontainer\n * cucumber-spring\n * cucumber-jakarta-cdi\n * ...etc\n\r\n\tat io.cucumber.core.backend.DefaultObjectFactory.cacheNewInstance(DefaultObjectFactory.java:57)\r\n\tat io.cucumber.core.backend.DefaultObjectFactory.getInstance(DefaultObjectFactory.java:45)\r\n\tat io.cucumber.java.AbstractGlueDefinition.invokeMethod(AbstractGlueDefinition.java:47)\r\n\tat io.cucumber.java.JavaStepDefinition.execute(JavaStepDefinition.java:29)\r\n\tat io.cucumber.core.runner.CoreStepDefinition.execute(CoreStepDefinition.java:66)\r\n\tat io.cucumber.core.runner.PickleStepDefinitionMatch.runStep(PickleStepDefinitionMatch.java:63)\r\n\tat io.cucumber.core.runner.ExecutionMode$1.execute(ExecutionMode.java:10)\r\n\tat io.cucumber.core.runner.TestStep.executeStep(TestStep.java:84)\r\n\tat io.cucumber.core.runner.TestStep.run(TestStep.java:56)\r\n\tat io.cucumber.core.runner.PickleStepTestStep.run(PickleStepTestStep.java:51)\r\n\tat io.cucumber.core.runner.TestCase.run(TestCase.java:84)\r\n\tat io.cucumber.core.runner.Runner.runPickle(Runner.java:75)\r\n\tat io.cucumber.junit.PickleRunners$NoStepDescriptions.lambda$run$0(PickleRunners.java:151)\r\n\tat io.cucumber.core.runtime.CucumberExecutionContext.lambda$runTestCase$5(CucumberExecutionContext.java:130)\r\n\tat io.cucumber.core.runtime.RethrowingThrowableCollector.executeAndThrow(RethrowingThrowableCollector.java:23)\r\n\tat io.cucumber.core.runtime.CucumberExecutionContext.runTestCase(CucumberExecutionContext.java:130)\r\n\tat io.cucumber.junit.PickleRunners$NoStepDescriptions.run(PickleRunners.java:148)\r\n\tat io.cucumber.junit.FeatureRunner.runChild(FeatureRunner.java:144)\r\n\tat io.cucumber.junit.FeatureRunner.runChild(FeatureRunner.java:28)\r\n\tat org.junit.runners.ParentRunner$4.run(ParentRunner.java:331)\r\n\tat org.junit.runners.ParentRunner$1.schedule(ParentRunner.java:79)\r\n\tat org.junit.runners.ParentRunner.runChildren(ParentRunner.java:329)\r\n\tat org.junit.runners.ParentRunner.access$100(ParentRunner.java:66)\r\n\tat org.junit.runners.ParentRunner$2.evaluate(ParentRunner.java:293)\r\n\tat org.junit.runners.ParentRunner$3.evaluate(ParentRunner.java:306)\r\n\tat org.junit.runners.ParentRunner.run(ParentRunner.java:413)\r\n\tat io.cucumber.junit.FeatureRunner.run(FeatureRunner.java:137)\r\n\tat io.cucumber.junit.Cucumber.runChild(Cucumber.java:196)\r\n\tat io.cucumber.junit.Cucumber.runChild(Cucumber.java:89)\r\n\tat org.junit.runners.ParentRunner$4.run(ParentRunner.java:331)\r\n\tat org.junit.runners.ParentRunner$1.schedule(ParentRunner.java:79)\r\n\tat org.junit.runners.ParentRunner.runChildren(ParentRunner.java:329)\r\n\tat org.junit.runners.ParentRunner.access$100(ParentRunner.java:66)\r\n\tat org.junit.runners.ParentRunner$2.evaluate(ParentRunner.java:293)\r\n\tat io.cucumber.junit.Cucumber$RunBeforeAllHooks.evaluate(Cucumber.java:266)\r\n\tat io.cucumber.junit.Cucumber$RunAfterAllHooks.evaluate(Cucumber.java:281)\r\n\tat io.cucumber.junit.Cucumber$StartTestRun.evaluate(Cucumber.java:233)\r\n\tat io.cucumber.junit.Cucumber$FinishTestRun.evaluate(Cucumber.java:248)\r\n\tat org.junit.runners.ParentRunner$3.evaluate(ParentRunner.java:306)\r\n\tat org.junit.runners.ParentRunner.run(ParentRunner.java:413)\r\n\tat org.apache.maven.surefire.junit4.JUnit4Provider.execute(JUnit4Provider.java:252)\r\n\tat org.apache.maven.surefire.junit4.JUnit4Provider.executeTestSet(JUnit4Provider.java:141)\r\n\tat org.apache.maven.surefire.junit4.JUnit4Provider.invoke(JUnit4Provider.java:112)\r\n\tat java.base/jdk.internal.reflect.NativeMethodAccessorImpl.invoke0(Native Method)\r\n\tat java.base/jdk.internal.reflect.NativeMethodAccessorImpl.invoke(NativeMethodAccessorImpl.java:64)\r\n\tat java.base/jdk.internal.reflect.DelegatingMethodAccessorImpl.invoke(DelegatingMethodAccessorImpl.java:43)\r\n\tat java.base/java.lang.reflect.Method.invoke(Method.java:564)\r\n\tat org.apache.maven.surefire.util.ReflectionUtils.invokeMethodWithArray(ReflectionUtils.java:189)\r\n\tat org.apache.maven.surefire.booter.ProviderFactory$ProviderProxy.invoke(ProviderFactory.java:165)\r\n\tat org.apache.maven.surefire.booter.ProviderFactory.invokeProvider(ProviderFactory.java:85)\r\n\tat org.apache.maven.surefire.booter.ForkedBooter.runSuitesInProcess(ForkedBooter.java:115)\r\n\tat org.apache.maven.surefire.booter.ForkedBooter.main(ForkedBooter.java:75)\r\nCaused by: java.lang.NoSuchMethodException: step_definitions.Class.UploadSteps.<init>()\r\n\tat java.base/java.lang.Class.getConstructor0(Class.java:3508)\r\n\tat java.base/java.lang.Class.getConstructor(Class.java:2244)\r\n\tat io.cucumber.core.backend.DefaultObjectFactory.cacheNewInstance(DefaultObjectFactory.java:52)\r\n\t... 51 more\r\n","duration":998400,"status":"failed"},"line":5,"name":"click profile","match":{"location":"step_definitions.Class.UploadSteps.clickProfile()"},"keyword":"Given "},{"result":{"status":"skipped"},"line":6,"name":"click kursus saya","match":{"location":"step_definitions.Class.UploadSteps.clickKursusSaya()"},"keyword":"When "},{"result":{"status":"skipped"},"line":7,"name":"click upload new course","match":{"location":"step_definitions.Class.UploadSteps.clickUploadNewCourse()"},"keyword":"And "},{"result":{"status":"skipped"},"line":8,"name":"input \"drum\" as judul kursus","match":{"arguments":[{"val":"\"drum\"","offset":6}],"location":"step_definitions.Class.UploadSteps.inputAsJudulKursus(java.lang.String)"},"keyword":"And "},{"result":{"duration":999000,"status":"skipped"},"line":9,"name":"click tingkatan khusus","match":{"location":"step_definitions.Class.UploadSteps.clickTingkatanKhusus()"},"keyword":"And "},{"result":{"status":"skipped"},"line":10,"name":"click basic","match":{"location":"step_definitions.Class.UploadSteps.clickBasic()"},"keyword":"And "},{"result":{"status":"skipped"},"line":11,"name":"input \"kursus drum\" as deskripsi","match":{"arguments":[{"val":"\"kursus drum\"","offset":6}],"location":"step_definitions.Class.UploadSteps.inputAsDeskripsi(java.lang.String)"},"keyword":"And "},{"result":{"status":"skipped"},"line":12,"name":"input \"basic drum\" as apa yang dipelajari","match":{"arguments":[{"val":"\"basic drum\"","offset":6}],"location":"step_definitions.Class.UploadSteps.inputAsApaYangDipelajari(java.lang.String)"},"keyword":"And "},{"result":{"status":"skipped"},"line":13,"name":"input \"tidak ada\" as prasyarat khusus","match":{"arguments":[{"val":"\"tidak ada\"","offset":6}],"location":"step_definitions.Class.UploadSteps.inputAsPrasyaratKhusus(java.lang.String)"},"keyword":"And "},{"result":{"status":"skipped"},"line":14,"name":"input \"semua\" as untuk siapa kursus ini","match":{"arguments":[{"val":"\"semua\"","offset":6}],"location":"step_definitions.Class.UploadSteps.inputAsUntukSiapaKursusIni(java.lang.String)"},"keyword":"And "},{"result":{"status":"skipped"},"line":15,"name":"input \"500000\" as harga kursus","match":{"arguments":[{"val":"\"500000\"","offset":6}],"location":"step_definitions.Class.UploadSteps.inputAsHargaKursus(java.lang.String)"},"keyword":"And "},{"result":{"status":"skipped"},"line":16,"name":"input \"60\" as duration","match":{"arguments":[{"val":"\"60\"","offset":6}],"location":"step_definitions.Class.UploadSteps.inputAsDuration(java.lang.String)"},"keyword":"And "},{"result":{"status":"skipped"},"line":17,"name":"click upload kursus button","match":{"location":"step_definitions.Class.UploadSteps.clickUploadKursusButton()"},"keyword":"And "},{"result":{"status":"skipped"},"line":18,"name":"validate Success notification","match":{"location":"step_definitions.Class.UploadSteps.validateSuccessNotification()"},"keyword":"Then "}],"tags":[{"name":"@Capstone"},{"name":"@class"}]},{"start_timestamp":"2023-04-07T02:24:30.138Z","before":[{"result":{"duration":3512227700,"status":"passed"},"match":{"location":"step_definitions.Hooks.openBrowser()"}}],"line":20,"name":"upload kursus with invalid parameter","description":"","id":"class;upload-kursus-with-invalid-parameter","after":[{"result":{"duration":3855674400,"status":"passed"},"match":{"location":"step_definitions.Hooks.closeBrowser()"}}],"type":"scenario","keyword":"Scenario","steps":[{"result":{"error_message":"io.cucumber.core.exception.CucumberException: class step_definitions.Class.UploadSteps does not have a public zero-argument constructor.\n\nTo use dependency injection add an other ObjectFactory implementation such as:\n * cucumber-picocontainer\n * cucumber-spring\n * cucumber-jakarta-cdi\n * ...etc\n\r\n\tat io.cucumber.core.backend.DefaultObjectFactory.cacheNewInstance(DefaultObjectFactory.java:57)\r\n\tat io.cucumber.core.backend.DefaultObjectFactory.getInstance(DefaultObjectFactory.java:45)\r\n\tat io.cucumber.java.AbstractGlueDefinition.invokeMethod(AbstractGlueDefinition.java:47)\r\n\tat io.cucumber.java.JavaStepDefinition.execute(JavaStepDefinition.java:29)\r\n\tat io.cucumber.core.runner.CoreStepDefinition.execute(CoreStepDefinition.java:66)\r\n\tat io.cucumber.core.runner.PickleStepDefinitionMatch.runStep(PickleStepDefinitionMatch.java:63)\r\n\tat io.cucumber.core.runner.ExecutionMode$1.execute(ExecutionMode.java:10)\r\n\tat io.cucumber.core.runner.TestStep.executeStep(TestStep.java:84)\r\n\tat io.cucumber.core.runner.TestStep.run(TestStep.java:56)\r\n\tat io.cucumber.core.runner.PickleStepTestStep.run(PickleStepTestStep.java:51)\r\n\tat io.cucumber.core.runner.TestCase.run(TestCase.java:84)\r\n\tat io.cucumber.core.runner.Runner.runPickle(Runner.java:75)\r\n\tat io.cucumber.junit.PickleRunners$NoStepDescriptions.lambda$run$0(PickleRunners.java:151)\r\n\tat io.cucumber.core.runtime.CucumberExecutionContext.lambda$runTestCase$5(CucumberExecutionContext.java:130)\r\n\tat io.cucumber.core.runtime.RethrowingThrowableCollector.executeAndThrow(RethrowingThrowableCollector.java:23)\r\n\tat io.cucumber.core.runtime.CucumberExecutionContext.runTestCase(CucumberExecutionContext.java:130)\r\n\tat io.cucumber.junit.PickleRunners$NoStepDescriptions.run(PickleRunners.java:148)\r\n\tat io.cucumber.junit.FeatureRunner.runChild(FeatureRunner.java:144)\r\n\tat io.cucumber.junit.FeatureRunner.runChild(FeatureRunner.java:28)\r\n\tat org.junit.runners.ParentRunner$4.run(ParentRunner.java:331)\r\n\tat org.junit.runners.ParentRunner$1.schedule(ParentRunner.java:79)\r\n\tat org.junit.runners.ParentRunner.runChildren(ParentRunner.java:329)\r\n\tat org.junit.runners.ParentRunner.access$100(ParentRunner.java:66)\r\n\tat org.junit.runners.ParentRunner$2.evaluate(ParentRunner.java:293)\r\n\tat org.junit.runners.ParentRunner$3.evaluate(ParentRunner.java:306)\r\n\tat org.junit.runners.ParentRunner.run(ParentRunner.java:413)\r\n\tat io.cucumber.junit.FeatureRunner.run(FeatureRunner.java:137)\r\n\tat io.cucumber.junit.Cucumber.runChild(Cucumber.java:196)\r\n\tat io.cucumber.junit.Cucumber.runChild(Cucumber.java:89)\r\n\tat org.junit.runners.ParentRunner$4.run(ParentRunner.java:331)\r\n\tat org.junit.runners.ParentRunner$1.schedule(ParentRunner.java:79)\r\n\tat org.junit.runners.ParentRunner.runChildren(ParentRunner.java:329)\r\n\tat org.junit.runners.ParentRunner.access$100(ParentRunner.java:66)\r\n\tat org.junit.runners.ParentRunner$2.evaluate(ParentRunner.java:293)\r\n\tat io.cucumber.junit.Cucumber$RunBeforeAllHooks.evaluate(Cucumber.java:266)\r\n\tat io.cucumber.junit.Cucumber$RunAfterAllHooks.evaluate(Cucumber.java:281)\r\n\tat io.cucumber.junit.Cucumber$StartTestRun.evaluate(Cucumber.java:233)\r\n\tat io.cucumber.junit.Cucumber$FinishTestRun.evaluate(Cucumber.java:248)\r\n\tat org.junit.runners.ParentRunner$3.evaluate(ParentRunner.java:306)\r\n\tat org.junit.runners.ParentRunner.run(ParentRunner.java:413)\r\n\tat org.apache.maven.surefire.junit4.JUnit4Provider.execute(JUnit4Provider.java:252)\r\n\tat org.apache.maven.surefire.junit4.JUnit4Provider.executeTestSet(JUnit4Provider.java:141)\r\n\tat org.apache.maven.surefire.junit4.JUnit4Provider.invoke(JUnit4Provider.java:112)\r\n\tat java.base/jdk.internal.reflect.NativeMethodAccessorImpl.invoke0(Native Method)\r\n\tat java.base/jdk.internal.reflect.NativeMethodAccessorImpl.invoke(NativeMethodAccessorImpl.java:64)\r\n\tat java.base/jdk.internal.reflect.DelegatingMethodAccessorImpl.invoke(DelegatingMethodAccessorImpl.java:43)\r\n\tat java.base/java.lang.reflect.Method.invoke(Method.java:564)\r\n\tat org.apache.maven.surefire.util.ReflectionUtils.invokeMethodWithArray(ReflectionUtils.java:189)\r\n\tat org.apache.maven.surefire.booter.ProviderFactory$ProviderProxy.invoke(ProviderFactory.java:165)\r\n\tat org.apache.maven.surefire.booter.ProviderFactory.invokeProvider(ProviderFactory.java:85)\r\n\tat org.apache.maven.surefire.booter.ForkedBooter.runSuitesInProcess(ForkedBooter.java:115)\r\n\tat org.apache.maven.surefire.booter.ForkedBooter.main(ForkedBooter.java:75)\r\nCaused by: java.lang.NoSuchMethodException: step_definitions.Class.UploadSteps.<init>()\r\n\tat java.base/java.lang.Class.getConstructor0(Class.java:3508)\r\n\tat java.base/java.lang.Class.getConstructor(Class.java:2244)\r\n\tat io.cucumber.core.backend.DefaultObjectFactory.cacheNewInstance(DefaultObjectFactory.java:52)\r\n\t... 51 more\r\n","duration":1000200,"status":"failed"},"line":21,"name":"click profile","match":{"location":"step_definitions.Class.UploadSteps.clickProfile()"},"keyword":"Given "},{"result":{"duration":999200,"status":"skipped"},"line":22,"name":"click kursus saya","match":{"location":"step_definitions.Class.UploadSteps.clickKursusSaya()"},"keyword":"When "},{"result":{"status":"skipped"},"line":23,"name":"click upload new course","match":{"location":"step_definitions.Class.UploadSteps.clickUploadNewCourse()"},"keyword":"And "},{"result":{"status":"skipped"},"line":24,"name":"input \"drum\" as judul kursus","match":{"arguments":[{"val":"\"drum\"","offset":6}],"location":"step_definitions.Class.UploadSteps.inputAsJudulKursus(java.lang.String)"},"keyword":"And "},{"result":{"status":"skipped"},"line":25,"name":"click tingkatan khusus","match":{"location":"step_definitions.Class.UploadSteps.clickTingkatanKhusus()"},"keyword":"And "},{"result":{"status":"skipped"},"line":26,"name":"input \"kursus drum\" as deskripsi","match":{"arguments":[{"val":"\"kursus drum\"","offset":6}],"location":"step_definitions.Class.UploadSteps.inputAsDeskripsi(java.lang.String)"},"keyword":"And "},{"result":{"status":"skipped"},"line":27,"name":"input \"basic drum\" as apa yang dipelajari","match":{"arguments":[{"val":"\"basic drum\"","offset":6}],"location":"step_definitions.Class.UploadSteps.inputAsApaYangDipelajari(java.lang.String)"},"keyword":"And "},{"result":{"duration":998600,"status":"skipped"},"line":28,"name":"input \"tidak ada\" as prasyarat khusus","match":{"arguments":[{"val":"\"tidak ada\"","offset":6}],"location":"step_definitions.Class.UploadSteps.inputAsPrasyaratKhusus(java.lang.String)"},"keyword":"And "},{"result":{"status":"skipped"},"line":29,"name":"input \"semua\" as untuk siapa kursus ini","match":{"arguments":[{"val":"\"semua\"","offset":6}],"location":"step_definitions.Class.UploadSteps.inputAsUntukSiapaKursusIni(java.lang.String)"},"keyword":"And "},{"result":{"duration":1000300,"status":"skipped"},"line":30,"name":"input \"500000\" as harga kursus","match":{"arguments":[{"val":"\"500000\"","offset":6}],"location":"step_definitions.Class.UploadSteps.inputAsHargaKursus(java.lang.String)"},"keyword":"And "},{"result":{"status":"skipped"},"line":31,"name":"input \"60\" as duration","match":{"arguments":[{"val":"\"60\"","offset":6}],"location":"step_definitions.Class.UploadSteps.inputAsDuration(java.lang.String)"},"keyword":"And "},{"result":{"status":"skipped"},"line":32,"name":"click upload kursus button","match":{"location":"step_definitions.Class.UploadSteps.clickUploadKursusButton()"},"keyword":"And "},{"result":{"status":"skipped"},"line":33,"name":"warning Failed Upload Course","match":{"location":"step_definitions.Class.UploadSteps.warningFailedUploadCourse()"},"keyword":"Then "}],"tags":[{"name":"@Capstone"},{"name":"@class"}]}],"name":"class","description":"","id":"class","keyword":"Feature","uri":"classpath:features//Class/UploadKursusWithParameter.feature","tags":[{"name":"@Capstone","type":"Tag","location":{"line":1,"column":1}},{"name":"@class","type":"Tag","location":{"line":1,"column":11}}]}]